C:\Program Files\Microsoft Visual Studio\2022\Professional\MSBuild\Microsoft\VC\v170\Microsoft.CppBuild.targets(524,5): warning MSB8004: Output Directory does not end with a trailing slash.  This build instance will add the slash as it is required to allow proper evaluation of the Output Directory.
  combat_state.cpp
K:\CPlusPlus\swtor_parser\core\combat_state.cpp(45,16): warning C4267: 'initializing': conversion from 'size_t' to 'int', possible loss of data
K:\CPlusPlus\swtor_parser\core\combat_state.cpp(257,17): warning C4267: 'initializing': conversion from 'size_t' to 'int', possible loss of data
K:\CPlusPlus\swtor_parser\core\combat_state.cpp(264,17): warning C4267: 'initializing': conversion from 'size_t' to 'int', possible loss of data
K:\CPlusPlus\swtor_parser\core\combat_state.cpp(313,28): warning C4267: 'return': conversion from 'size_t' to 'int', possible loss of data
K:\CPlusPlus\swtor_parser\core\combat_state.cpp(317,32): warning C4267: 'return': conversion from 'size_t' to 'int', possible loss of data
  example_swtor_integration.cpp
  ntp_timekeeper_swtor.cpp
  parse_manager.cpp
  swtor_parser.cpp
  test_plugin.cpp
  time_cruncher_swtor.cpp
K:\CPlusPlus\swtor_parser\core\time_cruncher_swtor.cpp(79,52): warning C4244: 'argument': conversion from 'int64_t' to 'uint32_t', possible loss of data
  timing_plugin.cpp
K:\CPlusPlus\swtor_parser\core\timing_plugin.cpp(25,19): warning C4244: 'argument': conversion from 'int64_t' to 'DWORD', possible loss of data
K:\CPlusPlus\swtor_parser\core\timing_plugin.cpp(31,19): warning C4244: 'argument': conversion from 'int64_t' to 'DWORD', possible loss of data
  Generating code
  Previous IPDB not found, fall back to full compilation.
  All 2438 functions were compiled because no usable IPDB/IOBJ from previous compilation was found.
  Finished generating code
  swtor_parser.vcxproj -> K:\CPlusPlus\swtor_parser\output\Release\swtor_parser.exe
  'pwsh.exe' is not recognized as an internal or external command,
  operable program or batch file.
