  combat_state.cpp
K:\CPlusPlus\swtor_parser\combat_state.cpp(28,28): warning C4267: 'return': conversion from 'size_t' to 'int', possible loss of data
K:\CPlusPlus\swtor_parser\combat_state.cpp(32,32): warning C4267: 'return': conversion from 'size_t' to 'int', possible loss of data
  combat_stats.cpp
K:\CPlusPlus\swtor_parser\combat_stats.cpp(252,58): warning C4244: 'argument': conversion from 'const int64_t' to 'double', possible loss of data
      K:\CPlusPlus\swtor_parser\combat_stats.cpp(252,58):
      the template instantiation context (the oldest one first) is
          K:\CPlusPlus\swtor_parser\combat_stats.cpp(250,16):
          while compiling class template member function 'std::vector<_Select_invoke_traits<RowMaker,Map::value_type>::type,std::allocator<_Select_invoke_traits<RowMaker,Map::value_type>::type>> swtor::combat_stats::top_n_from_map(const Map &,size_t,RowMaker)'
          K:\CPlusPlus\swtor_parser\combat_stats.h(150,42):
          see reference to alias template instantiation 'std::invoke_result_t<swtor::combat_stats::top_damage_abilities::<lambda_1>,std::pair<const swtor::NamedId,swtor::combat_stats::Tally>>' being compiled
          C:\Program Files\Microsoft Visual Studio\2022\Professional\VC\Tools\MSVC\14.44.35207\include\type_traits(1789,38):
          see reference to alias template instantiation 'std::_Decltype_invoke_nonzero<swtor::combat_stats::top_damage_abilities::<lambda_1>,std::pair<const swtor::NamedId,swtor::combat_stats::Tally>,>' being compiled
          C:\Program Files\Microsoft Visual Studio\2022\Professional\VC\Tools\MSVC\14.44.35207\include\type_traits(1785,71):
          while compiling class template member function 'unknown-type std::_Invoker_functor::_Call(_Callable &&,_Types ...) noexcept(<expr>)'
          C:\Program Files\Microsoft Visual Studio\2022\Professional\VC\Tools\MSVC\14.44.35207\include\type_traits(1576,46):
          see reference to function template instantiation 'auto swtor::combat_stats::top_damage_abilities::<lambda_1>::operator ()<std::pair<const swtor::NamedId,swtor::combat_stats::Tally>>(const _T1 &) const' being compiled
          with
          [
              _T1=std::pair<const swtor::NamedId,swtor::combat_stats::Tally>
          ]
  
K:\CPlusPlus\swtor_parser\combat_stats.cpp(253,97): warning C4244: 'argument': conversion from 'const int64_t' to 'double', possible loss of data
K:\CPlusPlus\swtor_parser\combat_stats.cpp(263,58): warning C4244: 'argument': conversion from 'const int64_t' to 'double', possible loss of data
      K:\CPlusPlus\swtor_parser\combat_stats.cpp(263,58):
      the template instantiation context (the oldest one first) is
          K:\CPlusPlus\swtor_parser\combat_stats.cpp(261,16):
          while compiling class template member function 'std::vector<_Select_invoke_traits<RowMaker,Map::value_type>::type,std::allocator<_Select_invoke_traits<RowMaker,Map::value_type>::type>> swtor::combat_stats::top_n_from_map(const Map &,size_t,RowMaker)'
          K:\CPlusPlus\swtor_parser\combat_stats.h(150,42):
          see reference to alias template instantiation 'std::invoke_result_t<swtor::combat_stats::top_damage_taken_by_ability::<lambda_1>,std::pair<const swtor::NamedId,swtor::combat_stats::Tally>>' being compiled
          C:\Program Files\Microsoft Visual Studio\2022\Professional\VC\Tools\MSVC\14.44.35207\include\type_traits(1789,38):
          see reference to alias template instantiation 'std::_Decltype_invoke_nonzero<swtor::combat_stats::top_damage_taken_by_ability::<lambda_1>,std::pair<const swtor::NamedId,swtor::combat_stats::Tally>,>' being compiled
          C:\Program Files\Microsoft Visual Studio\2022\Professional\VC\Tools\MSVC\14.44.35207\include\type_traits(1785,71):
          while compiling class template member function 'unknown-type std::_Invoker_functor::_Call(_Callable &&,_Types ...) noexcept(<expr>)'
          C:\Program Files\Microsoft Visual Studio\2022\Professional\VC\Tools\MSVC\14.44.35207\include\type_traits(1576,46):
          see reference to function template instantiation 'auto swtor::combat_stats::top_damage_taken_by_ability::<lambda_1>::operator ()<std::pair<const swtor::NamedId,swtor::combat_stats::Tally>>(const _T1 &) const' being compiled
          with
          [
              _T1=std::pair<const swtor::NamedId,swtor::combat_stats::Tally>
          ]
  
K:\CPlusPlus\swtor_parser\combat_stats.cpp(264,97): warning C4244: 'argument': conversion from 'const int64_t' to 'double', possible loss of data
K:\CPlusPlus\swtor_parser\combat_stats.cpp(276,52): warning C4244: 'argument': conversion from 'const __int64' to 'double', possible loss of data
K:\CPlusPlus\swtor_parser\combat_stats.cpp(293,58): warning C4244: 'argument': conversion from 'const int64_t' to 'double', possible loss of data
      K:\CPlusPlus\swtor_parser\combat_stats.cpp(293,58):
      the template instantiation context (the oldest one first) is
          K:\CPlusPlus\swtor_parser\combat_stats.cpp(291,16):
          while compiling class template member function 'std::vector<_Select_invoke_traits<RowMaker,Map::value_type>::type,std::allocator<_Select_invoke_traits<RowMaker,Map::value_type>::type>> swtor::combat_stats::top_n_from_map(const Map &,size_t,RowMaker)'
          K:\CPlusPlus\swtor_parser\combat_stats.h(150,42):
          see reference to alias template instantiation 'std::invoke_result_t<swtor::combat_stats::top_healing_abilities::<lambda_1>,std::pair<const swtor::NamedId,swtor::combat_stats::Tally>>' being compiled
          C:\Program Files\Microsoft Visual Studio\2022\Professional\VC\Tools\MSVC\14.44.35207\include\type_traits(1789,38):
          see reference to alias template instantiation 'std::_Decltype_invoke_nonzero<swtor::combat_stats::top_healing_abilities::<lambda_1>,std::pair<const swtor::NamedId,swtor::combat_stats::Tally>,>' being compiled
          C:\Program Files\Microsoft Visual Studio\2022\Professional\VC\Tools\MSVC\14.44.35207\include\type_traits(1785,71):
          while compiling class template member function 'unknown-type std::_Invoker_functor::_Call(_Callable &&,_Types ...) noexcept(<expr>)'
          C:\Program Files\Microsoft Visual Studio\2022\Professional\VC\Tools\MSVC\14.44.35207\include\type_traits(1576,46):
          see reference to function template instantiation 'auto swtor::combat_stats::top_healing_abilities::<lambda_1>::operator ()<std::pair<const swtor::NamedId,swtor::combat_stats::Tally>>(const _T1 &) const' being compiled
          with
          [
              _T1=std::pair<const swtor::NamedId,swtor::combat_stats::Tally>
          ]
  
K:\CPlusPlus\swtor_parser\combat_stats.cpp(294,97): warning C4244: 'argument': conversion from 'const int64_t' to 'double', possible loss of data
K:\CPlusPlus\swtor_parser\combat_stats.cpp(307,52): warning C4244: 'argument': conversion from 'const __int64' to 'double', possible loss of data
  example_swtor_integration.cpp
  ntp_timekeeper_swtor.cpp
  swtor_parser.cpp
  time_cruncher_swtor.cpp
K:\CPlusPlus\swtor_parser\time_cruncher_swtor.cpp(80,52): warning C4244: 'argument': conversion from 'int64_t' to 'uint32_t', possible loss of data
  Generating Code...
  swtor_parser.vcxproj -> K:\CPlusPlus\swtor_parser\x64\Debug\swtor_parser.exe
  'pwsh.exe' is not recognized as an internal or external command,
  operable program or batch file.
